c:\users\uid32797\documents\mydocs\myproj\meshsimilarityvisualizer\debug\vc120.pdb
c:\users\uid32797\documents\mydocs\myproj\meshsimilarityvisualizer\debug\vc120.idb
c:\users\uid32797\documents\mydocs\myproj\meshsimilarityvisualizer\debug\gl3w.obj
c:\users\uid32797\documents\mydocs\myproj\meshsimilarityvisualizer\debug\aabb.obj
c:\users\uid32797\documents\mydocs\myproj\meshsimilarityvisualizer\debug\bs.obj
c:\users\uid32797\documents\mydocs\myproj\meshsimilarityvisualizer\debug\camera.obj
c:\users\uid32797\documents\mydocs\myproj\meshsimilarityvisualizer\debug\collision.obj
c:\users\uid32797\documents\mydocs\myproj\meshsimilarityvisualizer\debug\collisionprimitives.obj
c:\users\uid32797\documents\mydocs\myproj\meshsimilarityvisualizer\debug\conversion.obj
c:\users\uid32797\documents\mydocs\myproj\meshsimilarityvisualizer\debug\sceneobject.obj
c:\users\uid32797\documents\mydocs\myproj\meshsimilarityvisualizer\debug\sceneobjectmanager.obj
c:\users\uid32797\documents\mydocs\myproj\meshsimilarityvisualizer\debug\gfxcomponent.obj
c:\users\uid32797\documents\mydocs\myproj\meshsimilarityvisualizer\debug\graphics.obj
c:\users\uid32797\documents\mydocs\myproj\meshsimilarityvisualizer\debug\hierachicalaabb.obj
c:\users\uid32797\documents\mydocs\myproj\meshsimilarityvisualizer\debug\hierachicalbs.obj
c:\users\uid32797\documents\mydocs\myproj\meshsimilarityvisualizer\debug\input.obj
c:\users\uid32797\documents\mydocs\myproj\meshsimilarityvisualizer\debug\main.obj
c:\users\uid32797\documents\mydocs\myproj\meshsimilarityvisualizer\debug\math.obj
c:\users\uid32797\documents\mydocs\myproj\meshsimilarityvisualizer\debug\mesh.obj
c:\users\uid32797\documents\mydocs\myproj\meshsimilarityvisualizer\debug\model.obj
c:\users\uid32797\documents\mydocs\myproj\meshsimilarityvisualizer\debug\modelmanager.obj
c:\users\uid32797\documents\mydocs\myproj\meshsimilarityvisualizer\debug\object.obj
c:\users\uid32797\documents\mydocs\myproj\meshsimilarityvisualizer\debug\plane.obj
c:\users\uid32797\documents\mydocs\myproj\meshsimilarityvisualizer\debug\sampleframework.ilk
c:\users\uid32797\documents\mydocs\myproj\meshsimilarityvisualizer\debug\sampleframework.exe
c:\users\uid32797\documents\mydocs\myproj\meshsimilarityvisualizer\debug\sampleframework.pdb
c:\users\uid32797\documents\mydocs\myproj\meshsimilarityvisualizer\debug\sampleframework.tlog\cl.command.1.tlog
c:\users\uid32797\documents\mydocs\myproj\meshsimilarityvisualizer\debug\sampleframework.tlog\cl.read.1.tlog
c:\users\uid32797\documents\mydocs\myproj\meshsimilarityvisualizer\debug\sampleframework.tlog\cl.write.1.tlog
c:\users\uid32797\documents\mydocs\myproj\meshsimilarityvisualizer\debug\sampleframework.tlog\link.command.1.tlog
c:\users\uid32797\documents\mydocs\myproj\meshsimilarityvisualizer\debug\sampleframework.tlog\link.read.1.tlog
c:\users\uid32797\documents\mydocs\myproj\meshsimilarityvisualizer\debug\sampleframework.tlog\link.write.1.tlog
