c:\users\kevin\documents\wendekevin.tan_cs350_4\distribution\release\vc120.pdb
c:\users\kevin\documents\wendekevin.tan_cs350_4\distribution\release\gl3w.obj
c:\users\kevin\documents\wendekevin.tan_cs350_4\distribution\release\plane.obj
c:\users\kevin\documents\wendekevin.tan_cs350_4\distribution\release\object.obj
c:\users\kevin\documents\wendekevin.tan_cs350_4\distribution\release\modelmanager.obj
c:\users\kevin\documents\wendekevin.tan_cs350_4\distribution\release\model.obj
c:\users\kevin\documents\wendekevin.tan_cs350_4\distribution\release\mesh.obj
c:\users\kevin\documents\wendekevin.tan_cs350_4\distribution\release\math.obj
c:\users\kevin\documents\wendekevin.tan_cs350_4\distribution\release\main.obj
c:\users\kevin\documents\wendekevin.tan_cs350_4\distribution\release\input.obj
c:\users\kevin\documents\wendekevin.tan_cs350_4\distribution\release\hierachicalbs.obj
c:\users\kevin\documents\wendekevin.tan_cs350_4\distribution\release\hierachicalaabb.obj
c:\users\kevin\documents\wendekevin.tan_cs350_4\distribution\release\graphics.obj
c:\users\kevin\documents\wendekevin.tan_cs350_4\distribution\release\gfxcomponent.obj
c:\users\kevin\documents\wendekevin.tan_cs350_4\distribution\release\sceneobjectmanager.obj
c:\users\kevin\documents\wendekevin.tan_cs350_4\distribution\release\sceneobject.obj
c:\users\kevin\documents\wendekevin.tan_cs350_4\distribution\release\conversion.obj
c:\users\kevin\documents\wendekevin.tan_cs350_4\distribution\release\collisionprimitives.obj
c:\users\kevin\documents\wendekevin.tan_cs350_4\distribution\release\collision.obj
c:\users\kevin\documents\wendekevin.tan_cs350_4\distribution\release\camera.obj
c:\users\kevin\documents\wendekevin.tan_cs350_4\distribution\release\bs.obj
c:\users\kevin\documents\wendekevin.tan_cs350_4\distribution\release\aabb.obj
c:\users\kevin\documents\wendekevin.tan_cs350_4\distribution\release\sampleframework.exe
c:\users\kevin\documents\wendekevin.tan_cs350_4\distribution\release\sampleframework.pdb
c:\users\kevin\documents\wendekevin.tan_cs350_4\distribution\release\sampleframework.tlog\cl.command.1.tlog
c:\users\kevin\documents\wendekevin.tan_cs350_4\distribution\release\sampleframework.tlog\cl.read.1.tlog
c:\users\kevin\documents\wendekevin.tan_cs350_4\distribution\release\sampleframework.tlog\cl.write.1.tlog
c:\users\kevin\documents\wendekevin.tan_cs350_4\distribution\release\sampleframework.tlog\link.command.1.tlog
c:\users\kevin\documents\wendekevin.tan_cs350_4\distribution\release\sampleframework.tlog\link.read.1.tlog
c:\users\kevin\documents\wendekevin.tan_cs350_4\distribution\release\sampleframework.tlog\link.write.1.tlog
